<?xml version="1.0" encoding="UTF-8"?>
<!-- Generated by org.testng.reporters.JUnitXMLReporter -->
<testsuite ignored="0" hostname="Asplap3121" failures="2" tests="2" name="Sample" time="166.589" errors="0" timestamp="2023-03-10T17:45:27 IST">
  <testcase classname="Multiusersclaim.mainclass" name="CreateaclaimwithUser1" time="74.596">
    <failure type="org.openqa.selenium.ElementClickInterceptedException" message="element click intercepted: Element &amp;lt;button class=&amp;quot;btn btn-default&amp;quot; id=&amp;quot;createClaimButton&amp;quot; onclick=&amp;quot;disableCreateClaim();buildNonPPMModal();&amp;quot; type=&amp;quot;button&amp;quot;&amp;gt;...&amp;lt;/button&amp;gt; is not clickable at point (501, 17). Other element would receive the click: &amp;lt;lightning-spinner size=&amp;quot;large&amp;quot; variant=&amp;quot;brand&amp;quot; class=&amp;quot;slds-is-fixed slds-spinner_container&amp;quot; data-aura-rendered-by=&amp;quot;582:0&amp;quot;&amp;gt;&amp;lt;/lightning-spinner&amp;gt;
  (Session info: chrome=110.0.5481.178)
Build info: version: &amp;apos;4.6.0&amp;apos;, revision: &amp;apos;79f1c02ae20&amp;apos;
System info: os.name: &amp;apos;Windows 10&amp;apos;, os.arch: &amp;apos;amd64&amp;apos;, os.version: &amp;apos;10.0&amp;apos;, java.version: &amp;apos;16.0.2&amp;apos;
Driver info: org.openqa.selenium.chrome.ChromeDriver
Command: [769ea035e60aa5a10ee991597f5ee03f, clickElement {id=e330520d-e7ed-4c53-ae24-04123d9c05b5}]
Capabilities {acceptInsecureCerts: false, browserName: chrome, browserVersion: 110.0.5481.178, chrome: {chromedriverVersion: 110.0.5481.77 (65ed616c6e8e..., userDataDir: C:\Users\MANOJ~1.MOH\AppDat...}, goog:chromeOptions: {debuggerAddress: localhost:50595}, networkConnectionEnabled: false, pageLoadStrategy: normal, platformName: WINDOWS, proxy: Proxy(), se:cdp: ws://localhost:50595/devtoo..., se:cdpVersion: 110.0.5481.178, setWindowRect: true, strictFileInteractability: false, timeouts: {implicit: 0, pageLoad: 300000, script: 30000}, unhandledPromptBehavior: dismiss and notify, webauthn:extension:credBlob: true, webauthn:extension:largeBlob: true, webauthn:virtualAuthenticators: true}
Element: [[ChromeDriver: chrome on WINDOWS (769ea035e60aa5a10ee991597f5ee03f)] -&amp;gt; xpath: //button[@id=&amp;apos;createClaimButton&amp;apos;][1]]
Session ID: 769ea035e60aa5a10ee991597f5ee03f">
      <![CDATA[org.openqa.selenium.ElementClickInterceptedException: element click intercepted: Element <button class="btn btn-default" id="createClaimButton" onclick="disableCreateClaim();buildNonPPMModal();" type="button">...</button> is not clickable at point (501, 17). Other element would receive the click: <lightning-spinner size="large" variant="brand" class="slds-is-fixed slds-spinner_container" data-aura-rendered-by="582:0"></lightning-spinner>
  (Session info: chrome=110.0.5481.178)
Build info: version: '4.6.0', revision: '79f1c02ae20'
System info: os.name: 'Windows 10', os.arch: 'amd64', os.version: '10.0', java.version: '16.0.2'
Driver info: org.openqa.selenium.chrome.ChromeDriver
Command: [769ea035e60aa5a10ee991597f5ee03f, clickElement {id=e330520d-e7ed-4c53-ae24-04123d9c05b5}]
Capabilities {acceptInsecureCerts: false, browserName: chrome, browserVersion: 110.0.5481.178, chrome: {chromedriverVersion: 110.0.5481.77 (65ed616c6e8e..., userDataDir: C:\Users\MANOJ~1.MOH\AppDat...}, goog:chromeOptions: {debuggerAddress: localhost:50595}, networkConnectionEnabled: false, pageLoadStrategy: normal, platformName: WINDOWS, proxy: Proxy(), se:cdp: ws://localhost:50595/devtoo..., se:cdpVersion: 110.0.5481.178, setWindowRect: true, strictFileInteractability: false, timeouts: {implicit: 0, pageLoad: 300000, script: 30000}, unhandledPromptBehavior: dismiss and notify, webauthn:extension:credBlob: true, webauthn:extension:largeBlob: true, webauthn:virtualAuthenticators: true}
Element: [[ChromeDriver: chrome on WINDOWS (769ea035e60aa5a10ee991597f5ee03f)] -> xpath: //button[@id='createClaimButton'][1]]
Session ID: 769ea035e60aa5a10ee991597f5ee03f
at org.openqa.selenium.remote.codec.w3c.W3CHttpResponseCodec.createException(W3CHttpResponseCodec.java:200)
at org.openqa.selenium.remote.codec.w3c.W3CHttpResponseCodec.decode(W3CHttpResponseCodec.java:133)
at org.openqa.selenium.remote.codec.w3c.W3CHttpResponseCodec.decode(W3CHttpResponseCodec.java:53)
at org.openqa.selenium.remote.HttpCommandExecutor.execute(HttpCommandExecutor.java:184)
at org.openqa.selenium.remote.service.DriverCommandExecutor.invokeExecute(DriverCommandExecutor.java:167)
at org.openqa.selenium.remote.service.DriverCommandExecutor.execute(DriverCommandExecutor.java:142)
at org.openqa.selenium.remote.RemoteWebDriver.execute(RemoteWebDriver.java:541)
at org.openqa.selenium.remote.RemoteWebElement.execute(RemoteWebElement.java:257)
at org.openqa.selenium.remote.RemoteWebElement.click(RemoteWebElement.java:78)
at Multiusersclaim.SearchClaim.Searchclaim(SearchClaim.java:65)
at Multiusersclaim.mainclass.CreateaclaimwithUser1(mainclass.java:55)
at java.base/java.util.ArrayList.forEach(ArrayList.java:1511)
... Removed 32 stack frames]]>
    </failure>
  </testcase> <!-- CreateaclaimwithUser1 -->
  <testcase classname="Multiusersclaim.mainclass" name="CreateaclaimwithUser2" time="89.136">
    <failure type="java.io.FileNotFoundException" message="D:\Softwares\Selenium\Manoj1\src\test\resources\Claimcreation_database.xls (The process cannot access the file because it is being used by another process)">
      <![CDATA[java.io.FileNotFoundException: D:\Softwares\Selenium\Manoj1\src\test\resources\Claimcreation_database.xls (The process cannot access the file because it is being used by another process)
at java.base/java.io.FileOutputStream.open0(Native Method)
at java.base/java.io.FileOutputStream.open(FileOutputStream.java:291)
at java.base/java.io.FileOutputStream.<init>(FileOutputStream.java:234)
at java.base/java.io.FileOutputStream.<init>(FileOutputStream.java:123)
at Multiusersclaim.Detailsforcreateclaim.detailsforcreateclaim(Detailsforcreateclaim.java:89)
at Multiusersclaim.mainclass.CreateaclaimwithUser2(mainclass.java:130)
at java.base/java.util.ArrayList.forEach(ArrayList.java:1511)
... Removed 27 stack frames]]>
    </failure>
  </testcase> <!-- CreateaclaimwithUser2 -->
</testsuite> <!-- Sample -->
