<?xml version="1.0" encoding="UTF-8"?>
<!-- Generated by org.testng.reporters.JUnitReportReporter -->
<testsuite hostname="Asplap3121" failures="0" tests="2" name="TC.Claim_Testcase2" time="-1683286912.000" errors="1" timestamp="2023-05-05T17:11:52 IST" skipped="1">
  <testcase classname="TC.Claim_Testcase2" name="Setup1" time="-1683286912.000">
    <error message="
Parameter &#039;browser&#039; is required by BeforeMethod on method Setup1 but has not been marked @Optional or defined
in C:\Users\manoj.mohanraj\eclipse-workspace\Manoj1\TestNG1.xml" type="org.testng.TestNGException">
      <![CDATA[org.testng.TestNGException: 
Parameter 'browser' is required by BeforeMethod on method Setup1 but has not been marked @Optional or defined
in C:\Users\manoj.mohanraj\eclipse-workspace\Manoj1\TestNG1.xml
at org.testng.internal.Parameters.createParams(Parameters.java:270)
at org.testng.internal.Parameters.createParametersForMethod(Parameters.java:358)
at org.testng.internal.Parameters.createParameters(Parameters.java:700)
at org.testng.internal.Parameters.createConfigurationParameters(Parameters.java:168)
at org.testng.internal.ConfigInvoker.invokeConfigurations(ConfigInvoker.java:302)
at org.testng.internal.TestInvoker.runConfigMethods(TestInvoker.java:700)
at org.testng.internal.TestInvoker.invokeMethod(TestInvoker.java:527)
at org.testng.internal.TestInvoker.invokeTestMethod(TestInvoker.java:173)
at org.testng.internal.MethodRunner.runInSequence(MethodRunner.java:46)
at org.testng.internal.TestInvoker$MethodInvocationAgent.invoke(TestInvoker.java:824)
at org.testng.internal.TestInvoker.invokeTestMethods(TestInvoker.java:146)
at org.testng.internal.TestMethodWorker.invokeTestMethods(TestMethodWorker.java:146)
at org.testng.internal.TestMethodWorker.run(TestMethodWorker.java:128)
at java.base/java.util.concurrent.ThreadPoolExecutor.runWorker(ThreadPoolExecutor.java:1130)
at java.base/java.util.concurrent.ThreadPoolExecutor$Worker.run(ThreadPoolExecutor.java:630)
at java.base/java.lang.Thread.run(Thread.java:831)
]]>
    </error>
  </testcase> <!-- Setup1 -->
  <system-out/>
  <testcase classname="TC.Claim_Testcase2" name="CreateaclaimwithUser3" time="0.000">
    <skipped/>
  </testcase> <!-- CreateaclaimwithUser3 -->
  <system-out/>
</testsuite> <!-- TC.Claim_Testcase2 -->
